<?xml version="1.0" encoding="UTF-8"?>
<testng-results ignored="0" total="1" passed="1" failed="0" skipped="0">
  <reporter-output>
    <line>
      <![CDATA[Browser Is Launched Sucessfully]]>
    </line>
    <line>
      <![CDATA[Test Case Is Pass]]>
    </line>
    <line>
      <![CDATA[Browser Is Closed Sucessfully]]>
    </line>
  </reporter-output>
  <suite started-at="2025-06-15T23:26:48 IST" name="Default suite" finished-at="2025-06-15T23:27:03 IST" duration-ms="14777">
    <groups>
    </groups>
    <test started-at="2025-06-15T23:26:48 IST" name="Default test" finished-at="2025-06-15T23:27:03 IST" duration-ms="14777">
      <class name="project2_Airline.TC4_OneWay_Flight">
        <test-method is-config="true" signature="extentreport()[pri:0, instance:project2_Airline.TC4_OneWay_Flight@38467116]" started-at="2025-06-15T23:26:48 IST" name="extentreport" finished-at="2025-06-15T23:26:48 IST" duration-ms="346" status="PASS">
          <reporter-output>
          </reporter-output>
        </test-method> <!-- extentreport -->
        <test-method is-config="true" signature="Launching(java.lang.String)[pri:0, instance:project2_Airline.TC4_OneWay_Flight@38467116]" started-at="2025-06-15T23:26:48 IST" name="Launching" finished-at="2025-06-15T23:26:55 IST" duration-ms="6611" status="PASS">
          <params>
            <param index="0">
              <value>
                <![CDATA[chrome]]>
              </value>
            </param>
          </params>
          <reporter-output>
            <line>
              <![CDATA[Browser Is Launched Sucessfully]]>
            </line>
          </reporter-output>
        </test-method> <!-- Launching -->
        <test-method signature="SearchTC4_OneWayFlight()[pri:0, instance:project2_Airline.TC4_OneWay_Flight@38467116]" started-at="2025-06-15T23:26:55 IST" name="SearchTC4_OneWayFlight" finished-at="2025-06-15T23:27:03 IST" duration-ms="7840" status="PASS">
          <reporter-output>
            <line>
              <![CDATA[Test Case Is Pass]]>
            </line>
          </reporter-output>
        </test-method> <!-- SearchTC4_OneWayFlight -->
        <test-method is-config="true" signature="Closing()[pri:0, instance:project2_Airline.TC4_OneWay_Flight@38467116]" started-at="2025-06-15T23:27:03 IST" name="Closing" finished-at="2025-06-15T23:27:03 IST" duration-ms="2" status="PASS">
          <reporter-output>
            <line>
              <![CDATA[Browser Is Closed Sucessfully]]>
            </line>
          </reporter-output>
        </test-method> <!-- Closing -->
        <test-method is-config="true" signature="extentreport1()[pri:0, instance:project2_Airline.TC4_OneWay_Flight@38467116]" started-at="2025-06-15T23:27:03 IST" name="extentreport1" finished-at="2025-06-15T23:27:04 IST" duration-ms="909" status="PASS">
          <reporter-output>
          </reporter-output>
        </test-method> <!-- extentreport1 -->
      </class> <!-- project2_Airline.TC4_OneWay_Flight -->
    </test> <!-- Default test -->
  </suite> <!-- Default suite -->
</testng-results>
